<?xml version="1.0" encoding="utf-8"?><testsuites name="pytest tests"><testsuite name="pytest" errors="0" failures="0" skipped="2" tests="18" time="33.140" timestamp="2026-03-22T05:42:19.887690+00:00" hostname="agent-env-318e5a04-b650-4a2e-b804-5fd0936a0953"><testcase classname="tests.test_security_audit.TestBasicAuthFlow" name="test_01_signup" time="3.097" /><testcase classname="tests.test_security_audit.TestBasicAuthFlow" name="test_02_login_returns_tokens_and_cookies" time="1.232" /><testcase classname="tests.test_security_audit.TestBasicAuthFlow" name="test_03_me_endpoint_with_bearer_token" time="0.508" /><testcase classname="tests.test_security_audit.TestBasicAuthFlow" name="test_04_me_endpoint_with_cookie" time="0.452" /><testcase classname="tests.test_security_audit.TestC3_JWTClaims" name="test_access_token_contains_required_claims" time="1.327" /><testcase classname="tests.test_security_audit.TestC3_JWTClaims" name="test_refresh_token_contains_required_claims" time="1.222" /><testcase classname="tests.test_security_audit.TestC5_RefreshTokenRejection" name="test_refresh_token_rejected_as_access_token" time="1.396" /><testcase classname="tests.test_security_audit.TestC5_RefreshTokenRejection" name="test_refresh_token_rejected_as_access_cookie" time="1.411" /><testcase classname="tests.test_security_audit.TestH1_RefreshTokenRotation" name="test_refresh_returns_both_tokens" time="1.399" /><testcase classname="tests.test_security_audit.TestH1_RefreshTokenRotation" name="test_old_refresh_token_blacklisted" time="2.946"><skipped type="pytest.xfail" message="H1 blacklist not working - old refresh token still valid" /></testcase><testcase classname="tests.test_security_audit.TestH2_PasswordChangeInvalidatesSessions" name="test_password_change_invalidates_old_token" time="7.048" /><testcase classname="tests.test_security_audit.TestH3_NormalizedLoginErrors" name="test_wrong_password_returns_generic_error" time="1.438" /><testcase classname="tests.test_security_audit.TestH3_NormalizedLoginErrors" name="test_nonexistent_email_returns_generic_error" time="0.709" /><testcase classname="tests.test_security_audit.TestH3_NormalizedLoginErrors" name="test_locked_account_returns_generic_error" time="0.001" /><testcase classname="tests.test_security_audit.TestAdminLogin" name="test_admin_login_returns_requires_otp" time="3.108" /><testcase classname="tests.test_security_audit.TestAdminLogin" name="test_admin_otp_verification" time="2.905"><skipped type="pytest.skip" message="No dev_otp provided - cannot test OTP verification">/app/backend/tests/test_security_audit.py:654: No dev_otp provided - cannot test OTP verification</skipped></testcase><testcase classname="tests.test_security_audit.TestLogout" name="test_logout_with_cookies_clears_session" time="2.299" /><testcase classname="tests.test_security_audit.TestLogout" name="test_logout_requires_authentication" time="0.013" /></testsuite></testsuites>